<?xml version="1.0" encoding="UTF-8"?>
<testng-results skipped="0" failed="1" ignored="0" total="2" passed="1">
  <reporter-output>
  </reporter-output>
  <suite name="Default suite" duration-ms="20619" started-at="2020-03-26T18:56:19Z" finished-at="2020-03-26T18:56:40Z">
    <groups>
    </groups>
    <test name="Default test" duration-ms="20619" started-at="2020-03-26T18:56:19Z" finished-at="2020-03-26T18:56:40Z">
      <class name="Tests.PetStoreMenuPageTest">
        <test-method status="PASS" signature="setup()[pri:0, instance:Tests.PetStoreMenuPageTest@5b275dab]" name="setup" is-config="true" duration-ms="6071" started-at="2020-03-26T18:56:19Z" finished-at="2020-03-26T18:56:25Z">
          <reporter-output>
          </reporter-output>
        </test-method> <!-- setup -->
        <test-method status="FAIL" signature="goToCorrectURL()[pri:0, instance:Tests.PetStoreMenuPageTest@5b275dab]" name="goToCorrectURL" duration-ms="9974" started-at="2020-03-26T18:56:25Z" finished-at="2020-03-26T18:56:35Z">
          <exception class="java.lang.AssertionError">
            <message>
              <![CDATA[expected [https://petstore.octoperf.com/actions/Cart.action?viewCart=] but found [https://petstore.octoperf.com/actions/Catalog.action]]]>
            </message>
            <full-stacktrace>
              <![CDATA[java.lang.AssertionError: expected [https://petstore.octoperf.com/actions/Cart.action?viewCart=] but found [https://petstore.octoperf.com/actions/Catalog.action]
at org.testng.Assert.fail(Assert.java:96)
at org.testng.Assert.failNotEquals(Assert.java:776)
at org.testng.Assert.assertEqualsImpl(Assert.java:137)
at org.testng.Assert.assertEquals(Assert.java:118)
at org.testng.Assert.assertEquals(Assert.java:453)
at org.testng.Assert.assertEquals(Assert.java:463)
at Tests.PetStoreMenuPageTest.goToCorrectURL(PetStoreMenuPageTest.java:263)
at sun.reflect.NativeMethodAccessorImpl.invoke0(Native Method)
at sun.reflect.NativeMethodAccessorImpl.invoke(Unknown Source)
at sun.reflect.DelegatingMethodAccessorImpl.invoke(Unknown Source)
at java.lang.reflect.Method.invoke(Unknown Source)
at org.testng.internal.MethodInvocationHelper.invokeMethod(MethodInvocationHelper.java:124)
at org.testng.internal.Invoker.invokeMethod(Invoker.java:583)
at org.testng.internal.Invoker.invokeTestMethod(Invoker.java:719)
at org.testng.internal.Invoker.invokeTestMethods(Invoker.java:989)
at org.testng.internal.TestMethodWorker.invokeTestMethods(TestMethodWorker.java:125)
at org.testng.internal.TestMethodWorker.run(TestMethodWorker.java:109)
at org.testng.TestRunner.privateRun(TestRunner.java:648)
at org.testng.TestRunner.run(TestRunner.java:505)
at org.testng.SuiteRunner.runTest(SuiteRunner.java:455)
at org.testng.SuiteRunner.runSequentially(SuiteRunner.java:450)
at org.testng.SuiteRunner.privateRun(SuiteRunner.java:415)
at org.testng.SuiteRunner.run(SuiteRunner.java:364)
at org.testng.SuiteRunnerWorker.runSuite(SuiteRunnerWorker.java:52)
at org.testng.SuiteRunnerWorker.run(SuiteRunnerWorker.java:84)
at org.testng.TestNG.runSuitesSequentially(TestNG.java:1208)
at org.testng.TestNG.runSuitesLocally(TestNG.java:1137)
at org.testng.TestNG.runSuites(TestNG.java:1049)
at org.testng.TestNG.run(TestNG.java:1017)
at org.testng.remote.AbstractRemoteTestNG.run(AbstractRemoteTestNG.java:115)
at org.testng.remote.RemoteTestNG.initAndRun(RemoteTestNG.java:251)
at org.testng.remote.RemoteTestNG.main(RemoteTestNG.java:77)
]]>
            </full-stacktrace>
          </exception> <!-- java.lang.AssertionError -->
          <reporter-output>
          </reporter-output>
        </test-method> <!-- goToCorrectURL -->
        <test-method status="PASS" signature="navValidLinks()[pri:0, instance:Tests.PetStoreMenuPageTest@5b275dab]" name="navValidLinks" duration-ms="4237" started-at="2020-03-26T18:56:35Z" finished-at="2020-03-26T18:56:39Z">
          <reporter-output>
          </reporter-output>
        </test-method> <!-- navValidLinks -->
        <test-method status="PASS" signature="afterClass()[pri:0, instance:Tests.PetStoreMenuPageTest@5b275dab]" name="afterClass" is-config="true" duration-ms="288" started-at="2020-03-26T18:56:39Z" finished-at="2020-03-26T18:56:40Z">
          <reporter-output>
          </reporter-output>
        </test-method> <!-- afterClass -->
      </class> <!-- Tests.PetStoreMenuPageTest -->
    </test> <!-- Default test -->
  </suite> <!-- Default suite -->
</testng-results>
